<?xml version="1.0" encoding="UTF-8"?>
<testng-results skipped="0" failed="0" total="1" passed="1">
  <reporter-output>
  </reporter-output>
  <suite name="jenkins.jenkins1.AppTest" duration-ms="7829" started-at="2018-03-01T13:56:20Z" finished-at="2018-03-01T13:56:28Z">
    <groups>
    </groups>
    <test name="Command line test" duration-ms="7829" started-at="2018-03-01T13:56:20Z" finished-at="2018-03-01T13:56:28Z">
      <class name="jenkins.jenkins1.AppTest">
        <test-method status="PASS" signature="f()[pri:0, instance:jenkins.jenkins1.AppTest@1b6a447]" name="f" duration-ms="7814" started-at="2018-03-01T19:26:20Z" finished-at="2018-03-01T19:26:28Z">
          <reporter-output>
          </reporter-output>
        </test-method> <!-- f -->
      </class> <!-- jenkins.jenkins1.AppTest -->
    </test> <!-- Command line test -->
  </suite> <!-- jenkins.jenkins1.AppTest -->
</testng-results>
